BallGame/Library/Bee/Android/Prj/Mono2x/Gradle/launcher/build/intermediates/manifest_merge_blame_file/release/manifest-merger-blame-release-report.txt
1<?xml version="1.0" encoding="utf-8"?>
2<manifest xmlns:android="http://schemas.android.com/apk/res/android"
3    package="akyolgame.com"
4    android:installLocation="preferExternal"
5    android:versionCode="1"
6    android:versionName="1.0.0" >
7
8    <uses-sdk
9        android:minSdkVersion="22"
9-->src\main\AndroidManifest.xml
10        android:targetSdkVersion="30" />
10-->src\main\AndroidManifest.xml
11
12    <supports-screens
12-->src\main\AndroidManifest.xml:3:3-163
13        android:anyDensity="true"
13-->src\main\AndroidManifest.xml:3:135-160
14        android:largeScreens="true"
14-->src\main\AndroidManifest.xml:3:78-105
15        android:normalScreens="true"
15-->src\main\AndroidManifest.xml:3:49-77
16        android:smallScreens="true"
16-->src\main\AndroidManifest.xml:3:21-48
17        android:xlargeScreens="true" />
17-->src\main\AndroidManifest.xml:3:106-134
18
19    <uses-feature android:glEsVersion="0x00030000" />
19-->[:unityLibrary] AndroidManifest.xml:12:5-54
19-->[:unityLibrary] AndroidManifest.xml:12:19-51
20    <uses-feature
20-->[:unityLibrary] AndroidManifest.xml:13:5-15:36
21        android:name="android.hardware.vulkan.version"
21-->[:unityLibrary] AndroidManifest.xml:14:9-55
22        android:required="false" />
22-->[:unityLibrary] AndroidManifest.xml:15:9-33
23    <uses-feature
23-->[:unityLibrary] AndroidManifest.xml:16:5-18:36
24        android:name="android.hardware.touchscreen"
24-->[:unityLibrary] AndroidManifest.xml:17:9-52
25        android:required="false" />
25-->[:unityLibrary] AndroidManifest.xml:18:9-33
26    <uses-feature
26-->[:unityLibrary] AndroidManifest.xml:19:5-21:36
27        android:name="android.hardware.touchscreen.multitouch"
27-->[:unityLibrary] AndroidManifest.xml:20:9-63
28        android:required="false" />
28-->[:unityLibrary] AndroidManifest.xml:21:9-33
29    <uses-feature
29-->[:unityLibrary] AndroidManifest.xml:22:5-24:36
30        android:name="android.hardware.touchscreen.multitouch.distinct"
30-->[:unityLibrary] AndroidManifest.xml:23:9-72
31        android:required="false" />
31-->[:unityLibrary] AndroidManifest.xml:24:9-33
32
33    <uses-permission android:name="android.permission.INTERNET" />
33-->[:googlemobileads-unity:] AndroidManifest.xml:20:5-67
33-->[:googlemobileads-unity:] AndroidManifest.xml:20:22-64
34    <uses-permission android:name="android.permission.ACCESS_NETWORK_STATE" />
34-->[:com.google.android.gms.play-services-measurement-sdk-api-18.0.3:] AndroidManifest.xml:24:5-79
34-->[:com.google.android.gms.play-services-measurement-sdk-api-18.0.3:] AndroidManifest.xml:24:22-76
35    <uses-permission android:name="android.permission.WAKE_LOCK" />
35-->[:com.google.android.gms.play-services-measurement-sdk-api-18.0.3:] AndroidManifest.xml:25:5-68
35-->[:com.google.android.gms.play-services-measurement-sdk-api-18.0.3:] AndroidManifest.xml:25:22-65
36    <uses-permission android:name="android.permission.RECEIVE_BOOT_COMPLETED" />
36-->[:androidx.work.work-runtime-2.7.0:] AndroidManifest.xml:21:3-79
36-->[:androidx.work.work-runtime-2.7.0:] AndroidManifest.xml:21:20-76
37    <uses-permission android:name="android.permission.FOREGROUND_SERVICE" />
37-->[:androidx.work.work-runtime-2.7.0:] AndroidManifest.xml:22:3-75
37-->[:androidx.work.work-runtime-2.7.0:] AndroidManifest.xml:22:20-72
38    <uses-permission android:name="com.google.android.gms.permission.AD_ID" /> <!-- Android package visibility setting -->
38-->[:com.google.android.gms.play-services-ads-lite-20.6.0:] AndroidManifest.xml:22:3-77
38-->[:com.google.android.gms.play-services-ads-lite-20.6.0:] AndroidManifest.xml:22:20-74
39    <queries>
39-->[:com.google.android.gms.play-services-ads-lite-20.6.0:] AndroidManifest.xml:24:3-37:13
40
41        <!-- For browser content -->
42        <intent>
42-->[:com.google.android.gms.play-services-ads-lite-20.6.0:] AndroidManifest.xml:26:5-30:14
43            <action android:name="android.intent.action.VIEW" />
43-->[:com.google.android.gms.play-services-ads-lite-20.6.0:] AndroidManifest.xml:27:7-59
43-->[:com.google.android.gms.play-services-ads-lite-20.6.0:] AndroidManifest.xml:27:15-56
44
45            <category android:name="android.intent.category.BROWSABLE" />
45-->[:com.google.android.gms.play-services-ads-lite-20.6.0:] AndroidManifest.xml:28:7-68
45-->[:com.google.android.gms.play-services-ads-lite-20.6.0:] AndroidManifest.xml:28:17-65
46
47            <data android:scheme="https" />
47-->[:com.google.android.gms.play-services-ads-lite-20.6.0:] AndroidManifest.xml:29:7-38
47-->[:com.google.android.gms.play-services-ads-lite-20.6.0:] AndroidManifest.xml:29:13-35
48        </intent>
49        <!-- End of browser content -->
50        <!-- For CustomTabsService -->
51        <intent>
51-->[:com.google.android.gms.play-services-ads-lite-20.6.0:] AndroidManifest.xml:26:5-30:14
52            <action android:name="android.support.customtabs.action.CustomTabsService" />
53        </intent>
54        <!-- End of CustomTabsService -->
55    </queries>
56
57    <application
57-->src\main\AndroidManifest.xml:4:3-83
58        android:appComponentFactory="androidx.core.app.CoreComponentFactory"
58-->[:androidx.core.core-1.6.0:] AndroidManifest.xml:24:18-86
59        android:extractNativeLibs="true"
59-->[:unityLibrary] AndroidManifest.xml:26:18-50
60        android:icon="@mipmap/app_icon"
60-->src\main\AndroidManifest.xml:4:49-80
61        android:label="@string/app_name" >
61-->src\main\AndroidManifest.xml:4:16-48
62        <activity
62-->[:unityLibrary] AndroidManifest.xml:27:9-47:20
63            android:name="com.unity3d.player.UnityPlayerActivity"
63-->[:unityLibrary] AndroidManifest.xml:28:13-66
64            android:configChanges="mcc|mnc|locale|touchscreen|keyboard|keyboardHidden|navigation|orientation|screenLayout|uiMode|screenSize|smallestScreenSize|fontScale|layoutDirection|density"
64-->[:unityLibrary] AndroidManifest.xml:29:13-194
65            android:hardwareAccelerated="false"
65-->[:unityLibrary] AndroidManifest.xml:30:13-48
66            android:launchMode="singleTask"
66-->[:unityLibrary] AndroidManifest.xml:31:13-44
67            android:resizeableActivity="false"
67-->[:unityLibrary] AndroidManifest.xml:32:13-47
68            android:screenOrientation="userPortrait"
68-->[:unityLibrary] AndroidManifest.xml:33:13-53
69            android:theme="@style/UnityThemeSelector" >
69-->[:unityLibrary] AndroidManifest.xml:34:13-54
70            <intent-filter>
70-->[:unityLibrary] AndroidManifest.xml:35:13-39:29
71                <action android:name="android.intent.action.MAIN" />
71-->[:unityLibrary] AndroidManifest.xml:36:17-69
71-->[:unityLibrary] AndroidManifest.xml:36:25-66
72
73                <category android:name="android.intent.category.LAUNCHER" />
73-->[:unityLibrary] AndroidManifest.xml:38:17-77
73-->[:unityLibrary] AndroidManifest.xml:38:27-74
74            </intent-filter>
75
76            <meta-data
76-->[:unityLibrary] AndroidManifest.xml:41:13-43:40
77                android:name="unityplayer.UnityActivity"
77-->[:unityLibrary] AndroidManifest.xml:42:17-57
78                android:value="true" />
78-->[:unityLibrary] AndroidManifest.xml:43:17-37
79            <meta-data
79-->[:unityLibrary] AndroidManifest.xml:44:13-46:40
80                android:name="android.notch_support"
80-->[:unityLibrary] AndroidManifest.xml:45:17-53
81                android:value="true" />
81-->[:unityLibrary] AndroidManifest.xml:46:17-37
82        </activity>
83
84        <meta-data
84-->[:unityLibrary] AndroidManifest.xml:49:9-51:33
85            android:name="unity.splash-mode"
85-->[:unityLibrary] AndroidManifest.xml:50:13-45
86            android:value="0" />
86-->[:unityLibrary] AndroidManifest.xml:51:13-30
87        <meta-data
87-->[:unityLibrary] AndroidManifest.xml:52:9-54:36
88            android:name="unity.splash-enable"
88-->[:unityLibrary] AndroidManifest.xml:53:13-47
89            android:value="True" />
89-->[:unityLibrary] AndroidManifest.xml:54:13-33
90        <meta-data
90-->[:unityLibrary] AndroidManifest.xml:55:9-57:36
91            android:name="unity.launch-fullscreen"
91-->[:unityLibrary] AndroidManifest.xml:56:13-51
92            android:value="True" />
92-->[:unityLibrary] AndroidManifest.xml:57:13-33
93        <meta-data
93-->[:unityLibrary] AndroidManifest.xml:58:9-60:37
94            android:name="unity.allow-resizable-window"
94-->[:unityLibrary] AndroidManifest.xml:59:13-56
95            android:value="False" />
95-->[:unityLibrary] AndroidManifest.xml:60:13-34
96        <meta-data
96-->[:unityLibrary] AndroidManifest.xml:61:9-63:50
97            android:name="notch.config"
97-->[:unityLibrary] AndroidManifest.xml:62:13-40
98            android:value="portrait|landscape" />
98-->[:unityLibrary] AndroidManifest.xml:63:13-47
99        <meta-data
99-->[:com.google.android.gms.play-services-basement-17.6.0:] AndroidManifest.xml:23:9-25:69
100            android:name="com.google.android.gms.version"
100-->[:com.google.android.gms.play-services-basement-17.6.0:] AndroidManifest.xml:24:13-58
101            android:value="@integer/google_play_services_version" />
101-->[:com.google.android.gms.play-services-basement-17.6.0:] AndroidManifest.xml:25:13-66
102
103        <provider
103-->[:androidx.work.work-runtime-2.7.0:] AndroidManifest.xml:24:5-26:16
104            android:name="androidx.startup.InitializationProvider"
104-->[:androidx.work.work-runtime-2.7.0:] AndroidManifest.xml:24:15-69
105            android:authorities="akyolgame.com.androidx-startup"
105-->[:androidx.work.work-runtime-2.7.0:] AndroidManifest.xml:24:70-122
106            android:exported="false" >
106-->[:androidx.work.work-runtime-2.7.0:] AndroidManifest.xml:24:123-147
107            <meta-data
107-->[:androidx.work.work-runtime-2.7.0:] AndroidManifest.xml:25:7-105
108                android:name="androidx.work.WorkManagerInitializer"
108-->[:androidx.work.work-runtime-2.7.0:] AndroidManifest.xml:25:18-69
109                android:value="androidx.startup" />
109-->[:androidx.work.work-runtime-2.7.0:] AndroidManifest.xml:25:70-102
110        </provider>
111
112        <service
112-->[:androidx.work.work-runtime-2.7.0:] AndroidManifest.xml:27:5-229
113            android:name="androidx.work.impl.background.systemalarm.SystemAlarmService"
113-->[:androidx.work.work-runtime-2.7.0:] AndroidManifest.xml:27:14-89
114            android:directBootAware="false"
114-->[:androidx.work.work-runtime-2.7.0:] AndroidManifest.xml:27:90-121
115            android:enabled="@bool/enable_system_alarm_service_default"
115-->[:androidx.work.work-runtime-2.7.0:] AndroidManifest.xml:27:122-181
116            android:exported="false" />
116-->[:androidx.work.work-runtime-2.7.0:] AndroidManifest.xml:27:182-206
117        <service
117-->[:androidx.work.work-runtime-2.7.0:] AndroidManifest.xml:28:5-279
118            android:name="androidx.work.impl.background.systemjob.SystemJobService"
118-->[:androidx.work.work-runtime-2.7.0:] AndroidManifest.xml:28:14-85
119            android:directBootAware="false"
119-->[:androidx.work.work-runtime-2.7.0:] AndroidManifest.xml:28:86-117
120            android:enabled="@bool/enable_system_job_service_default"
120-->[:androidx.work.work-runtime-2.7.0:] AndroidManifest.xml:28:118-175
121            android:exported="true"
121-->[:androidx.work.work-runtime-2.7.0:] AndroidManifest.xml:28:176-199
122            android:permission="android.permission.BIND_JOB_SERVICE" />
122-->[:androidx.work.work-runtime-2.7.0:] AndroidManifest.xml:28:200-256
123        <service
123-->[:androidx.work.work-runtime-2.7.0:] AndroidManifest.xml:29:5-227
124            android:name="androidx.work.impl.foreground.SystemForegroundService"
124-->[:androidx.work.work-runtime-2.7.0:] AndroidManifest.xml:29:14-82
125            android:directBootAware="false"
125-->[:androidx.work.work-runtime-2.7.0:] AndroidManifest.xml:29:83-114
126            android:enabled="@bool/enable_system_foreground_service_default"
126-->[:androidx.work.work-runtime-2.7.0:] AndroidManifest.xml:29:115-179
127            android:exported="false" />
127-->[:androidx.work.work-runtime-2.7.0:] AndroidManifest.xml:29:180-204
128
129        <receiver
129-->[:androidx.work.work-runtime-2.7.0:] AndroidManifest.xml:30:5-193
130            android:name="androidx.work.impl.utils.ForceStopRunnable$BroadcastReceiver"
130-->[:androidx.work.work-runtime-2.7.0:] AndroidManifest.xml:30:15-90
131            android:directBootAware="false"
131-->[:androidx.work.work-runtime-2.7.0:] AndroidManifest.xml:30:91-122
132            android:enabled="true"
132-->[:androidx.work.work-runtime-2.7.0:] AndroidManifest.xml:30:123-145
133            android:exported="false" />
133-->[:androidx.work.work-runtime-2.7.0:] AndroidManifest.xml:30:146-170
134        <receiver
134-->[:androidx.work.work-runtime-2.7.0:] AndroidManifest.xml:31:5-36:16
135            android:name="androidx.work.impl.background.systemalarm.ConstraintProxy$BatteryChargingProxy"
135-->[:androidx.work.work-runtime-2.7.0:] AndroidManifest.xml:31:15-108
136            android:directBootAware="false"
136-->[:androidx.work.work-runtime-2.7.0:] AndroidManifest.xml:31:109-140
137            android:enabled="false"
137-->[:androidx.work.work-runtime-2.7.0:] AndroidManifest.xml:31:141-164
138            android:exported="false" >
138-->[:androidx.work.work-runtime-2.7.0:] AndroidManifest.xml:31:165-189
139            <intent-filter>
139-->[:androidx.work.work-runtime-2.7.0:] AndroidManifest.xml:32:7-35:23
140                <action android:name="android.intent.action.ACTION_POWER_CONNECTED" />
140-->[:androidx.work.work-runtime-2.7.0:] AndroidManifest.xml:33:9-79
140-->[:androidx.work.work-runtime-2.7.0:] AndroidManifest.xml:33:17-76
141                <action android:name="android.intent.action.ACTION_POWER_DISCONNECTED" />
141-->[:androidx.work.work-runtime-2.7.0:] AndroidManifest.xml:34:9-82
141-->[:androidx.work.work-runtime-2.7.0:] AndroidManifest.xml:34:17-79
142            </intent-filter>
143        </receiver>
144        <receiver
144-->[:androidx.work.work-runtime-2.7.0:] AndroidManifest.xml:37:5-42:16
145            android:name="androidx.work.impl.background.systemalarm.ConstraintProxy$BatteryNotLowProxy"
145-->[:androidx.work.work-runtime-2.7.0:] AndroidManifest.xml:37:15-106
146            android:directBootAware="false"
146-->[:androidx.work.work-runtime-2.7.0:] AndroidManifest.xml:37:107-138
147            android:enabled="false"
147-->[:androidx.work.work-runtime-2.7.0:] AndroidManifest.xml:37:139-162
148            android:exported="false" >
148-->[:androidx.work.work-runtime-2.7.0:] AndroidManifest.xml:37:163-187
149            <intent-filter>
149-->[:androidx.work.work-runtime-2.7.0:] AndroidManifest.xml:38:7-41:23
150                <action android:name="android.intent.action.BATTERY_OKAY" />
150-->[:androidx.work.work-runtime-2.7.0:] AndroidManifest.xml:39:9-69
150-->[:androidx.work.work-runtime-2.7.0:] AndroidManifest.xml:39:17-66
151                <action android:name="android.intent.action.BATTERY_LOW" />
151-->[:androidx.work.work-runtime-2.7.0:] AndroidManifest.xml:40:9-68
151-->[:androidx.work.work-runtime-2.7.0:] AndroidManifest.xml:40:17-65
152            </intent-filter>
153        </receiver>
154        <receiver
154-->[:androidx.work.work-runtime-2.7.0:] AndroidManifest.xml:43:5-48:16
155            android:name="androidx.work.impl.background.systemalarm.ConstraintProxy$StorageNotLowProxy"
155-->[:androidx.work.work-runtime-2.7.0:] AndroidManifest.xml:43:15-106
156            android:directBootAware="false"
156-->[:androidx.work.work-runtime-2.7.0:] AndroidManifest.xml:43:107-138
157            android:enabled="false"
157-->[:androidx.work.work-runtime-2.7.0:] AndroidManifest.xml:43:139-162
158            android:exported="false" >
158-->[:androidx.work.work-runtime-2.7.0:] AndroidManifest.xml:43:163-187
159            <intent-filter>
159-->[:androidx.work.work-runtime-2.7.0:] AndroidManifest.xml:44:7-47:23
160                <action android:name="android.intent.action.DEVICE_STORAGE_LOW" />
160-->[:androidx.work.work-runtime-2.7.0:] AndroidManifest.xml:45:9-75
160-->[:androidx.work.work-runtime-2.7.0:] AndroidManifest.xml:45:17-72
161                <action android:name="android.intent.action.DEVICE_STORAGE_OK" />
161-->[:androidx.work.work-runtime-2.7.0:] AndroidManifest.xml:46:9-74
161-->[:androidx.work.work-runtime-2.7.0:] AndroidManifest.xml:46:17-71
162            </intent-filter>
163        </receiver>
164        <receiver
164-->[:androidx.work.work-runtime-2.7.0:] AndroidManifest.xml:49:5-53:16
165            android:name="androidx.work.impl.background.systemalarm.ConstraintProxy$NetworkStateProxy"
165-->[:androidx.work.work-runtime-2.7.0:] AndroidManifest.xml:49:15-105
166            android:directBootAware="false"
166-->[:androidx.work.work-runtime-2.7.0:] AndroidManifest.xml:49:106-137
167            android:enabled="false"
167-->[:androidx.work.work-runtime-2.7.0:] AndroidManifest.xml:49:138-161
168            android:exported="false" >
168-->[:androidx.work.work-runtime-2.7.0:] AndroidManifest.xml:49:162-186
169            <intent-filter>
169-->[:androidx.work.work-runtime-2.7.0:] AndroidManifest.xml:50:7-52:23
170                <action android:name="android.net.conn.CONNECTIVITY_CHANGE" />
170-->[:androidx.work.work-runtime-2.7.0:] AndroidManifest.xml:51:9-71
170-->[:androidx.work.work-runtime-2.7.0:] AndroidManifest.xml:51:17-68
171            </intent-filter>
172        </receiver>
173        <receiver
173-->[:androidx.work.work-runtime-2.7.0:] AndroidManifest.xml:54:5-60:16
174            android:name="androidx.work.impl.background.systemalarm.RescheduleReceiver"
174-->[:androidx.work.work-runtime-2.7.0:] AndroidManifest.xml:54:15-90
175            android:directBootAware="false"
175-->[:androidx.work.work-runtime-2.7.0:] AndroidManifest.xml:54:91-122
176            android:enabled="false"
176-->[:androidx.work.work-runtime-2.7.0:] AndroidManifest.xml:54:123-146
177            android:exported="false" >
177-->[:androidx.work.work-runtime-2.7.0:] AndroidManifest.xml:54:147-171
178            <intent-filter>
178-->[:androidx.work.work-runtime-2.7.0:] AndroidManifest.xml:55:7-59:23
179                <action android:name="android.intent.action.BOOT_COMPLETED" />
179-->[:androidx.work.work-runtime-2.7.0:] AndroidManifest.xml:56:9-71
179-->[:androidx.work.work-runtime-2.7.0:] AndroidManifest.xml:56:17-68
180                <action android:name="android.intent.action.TIME_SET" />
180-->[:androidx.work.work-runtime-2.7.0:] AndroidManifest.xml:57:9-65
180-->[:androidx.work.work-runtime-2.7.0:] AndroidManifest.xml:57:17-62
181                <action android:name="android.intent.action.TIMEZONE_CHANGED" />
181-->[:androidx.work.work-runtime-2.7.0:] AndroidManifest.xml:58:9-73
181-->[:androidx.work.work-runtime-2.7.0:] AndroidManifest.xml:58:17-70
182            </intent-filter>
183        </receiver>
184        <receiver
184-->[:androidx.work.work-runtime-2.7.0:] AndroidManifest.xml:61:5-65:16
185            android:name="androidx.work.impl.background.systemalarm.ConstraintProxyUpdateReceiver"
185-->[:androidx.work.work-runtime-2.7.0:] AndroidManifest.xml:61:15-101
186            android:directBootAware="false"
186-->[:androidx.work.work-runtime-2.7.0:] AndroidManifest.xml:61:102-133
187            android:enabled="@bool/enable_system_alarm_service_default"
187-->[:androidx.work.work-runtime-2.7.0:] AndroidManifest.xml:61:134-193
188            android:exported="false" >
188-->[:androidx.work.work-runtime-2.7.0:] AndroidManifest.xml:61:194-218
189            <intent-filter>
189-->[:androidx.work.work-runtime-2.7.0:] AndroidManifest.xml:62:7-64:23
190                <action android:name="androidx.work.impl.background.systemalarm.UpdateProxies" />
190-->[:androidx.work.work-runtime-2.7.0:] AndroidManifest.xml:63:9-90
190-->[:androidx.work.work-runtime-2.7.0:] AndroidManifest.xml:63:17-87
191            </intent-filter>
192        </receiver>
193        <receiver
193-->[:androidx.work.work-runtime-2.7.0:] AndroidManifest.xml:66:5-70:16
194            android:name="androidx.work.impl.diagnostics.DiagnosticsReceiver"
194-->[:androidx.work.work-runtime-2.7.0:] AndroidManifest.xml:66:15-80
195            android:directBootAware="false"
195-->[:androidx.work.work-runtime-2.7.0:] AndroidManifest.xml:66:81-112
196            android:enabled="true"
196-->[:androidx.work.work-runtime-2.7.0:] AndroidManifest.xml:66:113-135
197            android:exported="true"
197-->[:androidx.work.work-runtime-2.7.0:] AndroidManifest.xml:66:136-159
198            android:permission="android.permission.DUMP" >
198-->[:androidx.work.work-runtime-2.7.0:] AndroidManifest.xml:66:160-204
199            <intent-filter>
199-->[:androidx.work.work-runtime-2.7.0:] AndroidManifest.xml:67:7-69:23
200                <action android:name="androidx.work.diagnostics.REQUEST_DIAGNOSTICS" />
200-->[:androidx.work.work-runtime-2.7.0:] AndroidManifest.xml:68:9-80
200-->[:androidx.work.work-runtime-2.7.0:] AndroidManifest.xml:68:17-77
201            </intent-filter>
202        </receiver>
203
204        <activity
204-->[:com.google.android.gms.play-services-base-17.6.0:] AndroidManifest.xml:23:9-26:75
205            android:name="com.google.android.gms.common.api.GoogleApiActivity"
205-->[:com.google.android.gms.play-services-base-17.6.0:] AndroidManifest.xml:24:13-79
206            android:exported="false"
206-->[:com.google.android.gms.play-services-base-17.6.0:] AndroidManifest.xml:25:13-37
207            android:theme="@android:style/Theme.Translucent.NoTitleBar" />
207-->[:com.google.android.gms.play-services-base-17.6.0:] AndroidManifest.xml:26:13-72
208
209        <service
209-->[:androidx.room.room-runtime-2.2.5:] AndroidManifest.xml:25:9-28:40
210            android:name="androidx.room.MultiInstanceInvalidationService"
210-->[:androidx.room.room-runtime-2.2.5:] AndroidManifest.xml:26:13-74
211            android:directBootAware="true"
211-->[:androidx.room.room-runtime-2.2.5:] AndroidManifest.xml:27:13-43
212            android:exported="false" /> <!-- Include the AdActivity and InAppPurchaseActivity configChanges and themes. -->
212-->[:androidx.room.room-runtime-2.2.5:] AndroidManifest.xml:28:13-37
213        <activity
213-->[:com.google.android.gms.play-services-ads-lite-20.6.0:] AndroidManifest.xml:40:5-254
214            android:name="com.google.android.gms.ads.AdActivity"
214-->[:com.google.android.gms.play-services-ads-lite-20.6.0:] AndroidManifest.xml:40:15-67
215            android:configChanges="keyboard|keyboardHidden|orientation|screenLayout|uiMode|screenSize|smallestScreenSize"
215-->[:com.google.android.gms.play-services-ads-lite-20.6.0:] AndroidManifest.xml:40:68-177
216            android:exported="false"
216-->[:com.google.android.gms.play-services-ads-lite-20.6.0:] AndroidManifest.xml:40:178-202
217            android:theme="@android:style/Theme.Translucent" />
217-->[:com.google.android.gms.play-services-ads-lite-20.6.0:] AndroidManifest.xml:40:203-251
218
219        <provider
219-->[:com.google.android.gms.play-services-ads-lite-20.6.0:] AndroidManifest.xml:41:5-188
220            android:name="com.google.android.gms.ads.MobileAdsInitProvider"
220-->[:com.google.android.gms.play-services-ads-lite-20.6.0:] AndroidManifest.xml:41:15-78
221            android:authorities="akyolgame.com.mobileadsinitprovider"
221-->[:com.google.android.gms.play-services-ads-lite-20.6.0:] AndroidManifest.xml:41:79-136
222            android:exported="false"
222-->[:com.google.android.gms.play-services-ads-lite-20.6.0:] AndroidManifest.xml:41:137-161
223            android:initOrder="100" />
223-->[:com.google.android.gms.play-services-ads-lite-20.6.0:] AndroidManifest.xml:41:162-185
224
225        <service
225-->[:com.google.android.gms.play-services-ads-lite-20.6.0:] AndroidManifest.xml:42:5-116
226            android:name="com.google.android.gms.ads.AdService"
226-->[:com.google.android.gms.play-services-ads-lite-20.6.0:] AndroidManifest.xml:42:14-65
227            android:enabled="true"
227-->[:com.google.android.gms.play-services-ads-lite-20.6.0:] AndroidManifest.xml:42:66-88
228            android:exported="false" />
228-->[:com.google.android.gms.play-services-ads-lite-20.6.0:] AndroidManifest.xml:42:89-113
229
230        <uses-library
230-->[:unityLibrary:GoogleMobileAdsPlugin.androidlib] AndroidManifest.xml:17:9-19:40
231            android:name="org.apache.http.legacy"
231-->[:unityLibrary:GoogleMobileAdsPlugin.androidlib] AndroidManifest.xml:18:13-50
232            android:required="false" />
232-->[:unityLibrary:GoogleMobileAdsPlugin.androidlib] AndroidManifest.xml:19:13-37
233    </application>
234
235</manifest>